20:40:38 **** Incremental Build of configuration Debug for project linkedList ****
make all 
Building file: ../testing/src/addNodeTest.c
Invoking: GCC C Compiler
gcc -O0 -g3 -Wall -c -fmessage-length=0 -MMD -MP -MF"testing/src/addNodeTest.d" -MT"testing/src/addNodeTest.o" -o "testing/src/addNodeTest.o" "../testing/src/addNodeTest.c"
Finished building: ../testing/src/addNodeTest.c
 
Building file: ../testing/src/addTest.c
Invoking: GCC C Compiler
gcc -O0 -g3 -Wall -c -fmessage-length=0 -MMD -MP -MF"testing/src/addTest.d" -MT"testing/src/addTest.o" -o "testing/src/addTest.o" "../testing/src/addTest.c"
Finished building: ../testing/src/addTest.c
 
Building file: ../testing/src/clearTest.c
Invoking: GCC C Compiler
gcc -O0 -g3 -Wall -c -fmessage-length=0 -MMD -MP -MF"testing/src/clearTest.d" -MT"testing/src/clearTest.o" -o "testing/src/clearTest.o" "../testing/src/clearTest.c"
Finished building: ../testing/src/clearTest.c
 
Building file: ../testing/src/cloneTest.c
Invoking: GCC C Compiler
gcc -O0 -g3 -Wall -c -fmessage-length=0 -MMD -MP -MF"testing/src/cloneTest.d" -MT"testing/src/cloneTest.o" -o "testing/src/cloneTest.o" "../testing/src/cloneTest.c"
Finished building: ../testing/src/cloneTest.c
 
Building file: ../testing/src/containsAllTest.c
Invoking: GCC C Compiler
gcc -O0 -g3 -Wall -c -fmessage-length=0 -MMD -MP -MF"testing/src/containsAllTest.d" -MT"testing/src/containsAllTest.o" -o "testing/src/containsAllTest.o" "../testing/src/containsAllTest.c"
Finished building: ../testing/src/containsAllTest.c
 
Building file: ../testing/src/containsTest.c
Invoking: GCC C Compiler
gcc -O0 -g3 -Wall -c -fmessage-length=0 -MMD -MP -MF"testing/src/containsTest.d" -MT"testing/src/containsTest.o" -o "testing/src/containsTest.o" "../testing/src/containsTest.c"
Finished building: ../testing/src/containsTest.c
 
Building file: ../testing/src/deleteLinkedListTest.c
Invoking: GCC C Compiler
gcc -O0 -g3 -Wall -c -fmessage-length=0 -MMD -MP -MF"testing/src/deleteLinkedListTest.d" -MT"testing/src/deleteLinkedListTest.o" -o "testing/src/deleteLinkedListTest.o" "../testing/src/deleteLinkedListTest.c"
Finished building: ../testing/src/deleteLinkedListTest.c
 
Building file: ../testing/src/getNodeTest.c
Invoking: GCC C Compiler
gcc -O0 -g3 -Wall -c -fmessage-length=0 -MMD -MP -MF"testing/src/getNodeTest.d" -MT"testing/src/getNodeTest.o" -o "testing/src/getNodeTest.o" "../testing/src/getNodeTest.c"
Finished building: ../testing/src/getNodeTest.c
 
Building file: ../testing/src/getTest.c
Invoking: GCC C Compiler
gcc -O0 -g3 -Wall -c -fmessage-length=0 -MMD -MP -MF"testing/src/getTest.d" -MT"testing/src/getTest.o" -o "testing/src/getTest.o" "../testing/src/getTest.c"
Finished building: ../testing/src/getTest.c
 
Building file: ../testing/src/indexOfTest.c
Invoking: GCC C Compiler
gcc -O0 -g3 -Wall -c -fmessage-length=0 -MMD -MP -MF"testing/src/indexOfTest.d" -MT"testing/src/indexOfTest.o" -o "testing/src/indexOfTest.o" "../testing/src/indexOfTest.c"
Finished building: ../testing/src/indexOfTest.c
 
Building file: ../testing/src/isEmptyTest.c
Invoking: GCC C Compiler
gcc -O0 -g3 -Wall -c -fmessage-length=0 -MMD -MP -MF"testing/src/isEmptyTest.d" -MT"testing/src/isEmptyTest.o" -o "testing/src/isEmptyTest.o" "../testing/src/isEmptyTest.c"
Finished building: ../testing/src/isEmptyTest.c
 
Building file: ../testing/src/lenTest.c
Invoking: GCC C Compiler
gcc -O0 -g3 -Wall -c -fmessage-length=0 -MMD -MP -MF"testing/src/lenTest.d" -MT"testing/src/lenTest.o" -o "testing/src/lenTest.o" "../testing/src/lenTest.c"
Finished building: ../testing/src/lenTest.c
 
Building file: ../testing/src/newTest.c
Invoking: GCC C Compiler
gcc -O0 -g3 -Wall -c -fmessage-length=0 -MMD -MP -MF"testing/src/newTest.d" -MT"testing/src/newTest.o" -o "testing/src/newTest.o" "../testing/src/newTest.c"
Finished building: ../testing/src/newTest.c
 
Building file: ../testing/src/popTest.c
Invoking: GCC C Compiler
gcc -O0 -g3 -Wall -c -fmessage-length=0 -MMD -MP -MF"testing/src/popTest.d" -MT"testing/src/popTest.o" -o "testing/src/popTest.o" "../testing/src/popTest.c"
Finished building: ../testing/src/popTest.c
 
Building file: ../testing/src/pushTest.c
Invoking: GCC C Compiler
gcc -O0 -g3 -Wall -c -fmessage-length=0 -MMD -MP -MF"testing/src/pushTest.d" -MT"testing/src/pushTest.o" -o "testing/src/pushTest.o" "../testing/src/pushTest.c"
Finished building: ../testing/src/pushTest.c
 
Building file: ../testing/src/removeTest.c
Invoking: GCC C Compiler
gcc -O0 -g3 -Wall -c -fmessage-length=0 -MMD -MP -MF"testing/src/removeTest.d" -MT"testing/src/removeTest.o" -o "testing/src/removeTest.o" "../testing/src/removeTest.c"
Finished building: ../testing/src/removeTest.c
 
Building file: ../testing/src/setTest.c
Invoking: GCC C Compiler
gcc -O0 -g3 -Wall -c -fmessage-length=0 -MMD -MP -MF"testing/src/setTest.d" -MT"testing/src/setTest.o" -o "testing/src/setTest.o" "../testing/src/setTest.c"
Finished building: ../testing/src/setTest.c
 
Building file: ../testing/src/sortTest.c
Invoking: GCC C Compiler
gcc -O0 -g3 -Wall -c -fmessage-length=0 -MMD -MP -MF"testing/src/sortTest.d" -MT"testing/src/sortTest.o" -o "testing/src/sortTest.o" "../testing/src/sortTest.c"
Finished building: ../testing/src/sortTest.c
 
Building file: ../testing/src/subListTest.c
Invoking: GCC C Compiler
gcc -O0 -g3 -Wall -c -fmessage-length=0 -MMD -MP -MF"testing/src/subListTest.d" -MT"testing/src/subListTest.o" -o "testing/src/subListTest.o" "../testing/src/subListTest.c"
Finished building: ../testing/src/subListTest.c
 
Building file: ../src/LinkedList.c
Invoking: GCC C Compiler
gcc -O0 -g3 -Wall -c -fmessage-length=0 -MMD -MP -MF"src/LinkedList.d" -MT"src/LinkedList.o" -o "src/LinkedList.o" "../src/LinkedList.c"
Finished building: ../src/LinkedList.c
 
Building file: ../src/main.c
Invoking: GCC C Compiler
gcc -O0 -g3 -Wall -c -fmessage-length=0 -MMD -MP -MF"src/main.d" -MT"src/main.o" -o "src/main.o" "../src/main.c"
Finished building: ../src/main.c
 
Building target: linkedList
Invoking: GCC C Linker
gcc  -o "linkedList"  ./testing/src/Employee.o ./testing/src/addNodeTest.o ./testing/src/addTest.o ./testing/src/clearTest.o ./testing/src/cloneTest.o ./testing/src/containsAllTest.o ./testing/src/containsTest.o ./testing/src/deleteLinkedListTest.o ./testing/src/getNodeTest.o ./testing/src/getTest.o ./testing/src/indexOfTest.o ./testing/src/isEmptyTest.o ./testing/src/lenTest.o ./testing/src/main_test.o ./testing/src/newTest.o ./testing/src/popTest.o ./testing/src/pushTest.o ./testing/src/removeTest.o ./testing/src/setTest.o ./testing/src/sortTest.o ./testing/src/subListTest.o  ./testing/utest.o  ./src/LinkedList.o ./src/main.o   
Finished building target: linkedList
 
21:56:00 **** Incremental Build of configuration Debug for project linkedList ****
make all 
Building file: ../src/LinkedList.c
Invoking: GCC C Compiler
gcc -O0 -g3 -Wall -c -fmessage-length=0 -MMD -MP -MF"src/LinkedList.d" -MT"src/LinkedList.o" -o "src/LinkedList.o" "../src/LinkedList.c"
../src/LinkedList.c:575:13: error: conflicting types for ‘ll_subList’
 LinkedList* ll_subList(LinkedList* this, int (*pFunc)(void*))
             ^~~~~~~~~~
../src/LinkedList.c:458:13: note: previous definition of ‘ll_subList’ was here
 LinkedList* ll_subList(LinkedList* this,int from,int to)
             ^~~~~~~~~~
make: *** [src/LinkedList.o] Error 1
src/subdir.mk:21: fallo en las instrucciones para el objetivo 'src/LinkedList.o'
"make all" terminated with exit code 2. Build might be incomplete.
22:02:23 **** Incremental Build of configuration Debug for project linkedList ****
make all 
Building file: ../src/LinkedList.c
Invoking: GCC C Compiler
gcc -O0 -g3 -Wall -c -fmessage-length=0 -MMD -MP -MF"src/LinkedList.d" -MT"src/LinkedList.o" -o "src/LinkedList.o" "../src/LinkedList.c"
Finished building: ../src/LinkedList.c
 
Building file: ../src/main.c
Invoking: GCC C Compiler
gcc -O0 -g3 -Wall -c -fmessage-length=0 -MMD -MP -MF"src/main.d" -MT"src/main.o" -o "src/main.o" "../src/main.c"
../src/main.c: In function ‘main’:
../src/main.c:71:9: warning: implicit declaration of function ‘ll_filter’ [-Wimplicit-function-declaration]
  ll_map(ll_filter(list,ff),f);
         ^~~~~~~~~
../src/main.c:71:9: warning: passing argument 1 of ‘ll_map’ makes pointer from integer without a cast [-Wint-conversion]
In file included from ../src/main.c:24:0:
../src/../inc/LinkedList.h:56:5: note: expected ‘LinkedList * {aka struct LinkedList *}’ but argument is of type ‘int’
 int ll_map(LinkedList* this, int (*pFunc)(void*));
     ^~~~~~
Finished building: ../src/main.c
 
Building target: linkedList
Invoking: GCC C Linker
gcc  -o "linkedList"  ./testing/src/Employee.o ./testing/src/addNodeTest.o ./testing/src/addTest.o ./testing/src/clearTest.o ./testing/src/cloneTest.o ./testing/src/containsAllTest.o ./testing/src/containsTest.o ./testing/src/deleteLinkedListTest.o ./testing/src/getNodeTest.o ./testing/src/getTest.o ./testing/src/indexOfTest.o ./testing/src/isEmptyTest.o ./testing/src/lenTest.o ./testing/src/main_test.o ./testing/src/newTest.o ./testing/src/popTest.o ./testing/src/pushTest.o ./testing/src/removeTest.o ./testing/src/setTest.o ./testing/src/sortTest.o ./testing/src/subListTest.o  ./testing/utest.o  ./src/LinkedList.o ./src/main.o   
Finished building target: linkedList
 
22:06:50 **** Incremental Build of configuration Debug for project linkedList ****
make all 
Building file: ../src/LinkedList.c
Invoking: GCC C Compiler
gcc -O0 -g3 -Wall -c -fmessage-length=0 -MMD -MP -MF"src/LinkedList.d" -MT"src/LinkedList.o" -o "src/LinkedList.o" "../src/LinkedList.c"
Finished building: ../src/LinkedList.c
 
Building file: ../src/main.c
Invoking: GCC C Compiler
gcc -O0 -g3 -Wall -c -fmessage-length=0 -MMD -MP -MF"src/main.d" -MT"src/main.o" -o "src/main.o" "../src/main.c"
../src/main.c: In function ‘main’:
../src/main.c:72:10: warning: implicit declaration of function ‘ll_filter’ [-Wimplicit-function-declaration]
  list2 = ll_filter(list,ff);
          ^~~~~~~~~
../src/main.c:72:8: warning: assignment makes pointer from integer without a cast [-Wint-conversion]
  list2 = ll_filter(list,ff);
        ^
Finished building: ../src/main.c
 
Building target: linkedList
Invoking: GCC C Linker
gcc  -o "linkedList"  ./testing/src/Employee.o ./testing/src/addNodeTest.o ./testing/src/addTest.o ./testing/src/clearTest.o ./testing/src/cloneTest.o ./testing/src/containsAllTest.o ./testing/src/containsTest.o ./testing/src/deleteLinkedListTest.o ./testing/src/getNodeTest.o ./testing/src/getTest.o ./testing/src/indexOfTest.o ./testing/src/isEmptyTest.o ./testing/src/lenTest.o ./testing/src/main_test.o ./testing/src/newTest.o ./testing/src/popTest.o ./testing/src/pushTest.o ./testing/src/removeTest.o ./testing/src/setTest.o ./testing/src/sortTest.o ./testing/src/subListTest.o  ./testing/utest.o  ./src/LinkedList.o ./src/main.o   
Finished building target: linkedList
 
22:07:28 **** Incremental Build of configuration Debug for project linkedList ****
make all 
Building file: ../src/main.c
Invoking: GCC C Compiler
gcc -O0 -g3 -Wall -c -fmessage-length=0 -MMD -MP -MF"src/main.d" -MT"src/main.o" -o "src/main.o" "../src/main.c"
../src/main.c: In function ‘main’:
../src/main.c:73:10: warning: implicit declaration of function ‘ll_filter’ [-Wimplicit-function-declaration]
  list2 = ll_filter(list,ff);
          ^~~~~~~~~
../src/main.c:73:8: warning: assignment makes pointer from integer without a cast [-Wint-conversion]
  list2 = ll_filter(list,ff);
        ^
Finished building: ../src/main.c
 
Building target: linkedList
Invoking: GCC C Linker
gcc  -o "linkedList"  ./testing/src/Employee.o ./testing/src/addNodeTest.o ./testing/src/addTest.o ./testing/src/clearTest.o ./testing/src/cloneTest.o ./testing/src/containsAllTest.o ./testing/src/containsTest.o ./testing/src/deleteLinkedListTest.o ./testing/src/getNodeTest.o ./testing/src/getTest.o ./testing/src/indexOfTest.o ./testing/src/isEmptyTest.o ./testing/src/lenTest.o ./testing/src/main_test.o ./testing/src/newTest.o ./testing/src/popTest.o ./testing/src/pushTest.o ./testing/src/removeTest.o ./testing/src/setTest.o ./testing/src/sortTest.o ./testing/src/subListTest.o  ./testing/utest.o  ./src/LinkedList.o ./src/main.o   
Finished building target: linkedList
 
22:09:27 **** Incremental Build of configuration Debug for project linkedList ****
make all 
Building file: ../testing/src/addNodeTest.c
Invoking: GCC C Compiler
gcc -O0 -g3 -Wall -c -fmessage-length=0 -MMD -MP -MF"testing/src/addNodeTest.d" -MT"testing/src/addNodeTest.o" -o "testing/src/addNodeTest.o" "../testing/src/addNodeTest.c"
Finished building: ../testing/src/addNodeTest.c
 
Building file: ../testing/src/addTest.c
Invoking: GCC C Compiler
gcc -O0 -g3 -Wall -c -fmessage-length=0 -MMD -MP -MF"testing/src/addTest.d" -MT"testing/src/addTest.o" -o "testing/src/addTest.o" "../testing/src/addTest.c"
Finished building: ../testing/src/addTest.c
 
Building file: ../testing/src/clearTest.c
Invoking: GCC C Compiler
gcc -O0 -g3 -Wall -c -fmessage-length=0 -MMD -MP -MF"testing/src/clearTest.d" -MT"testing/src/clearTest.o" -o "testing/src/clearTest.o" "../testing/src/clearTest.c"
Finished building: ../testing/src/clearTest.c
 
Building file: ../testing/src/cloneTest.c
Invoking: GCC C Compiler
gcc -O0 -g3 -Wall -c -fmessage-length=0 -MMD -MP -MF"testing/src/cloneTest.d" -MT"testing/src/cloneTest.o" -o "testing/src/cloneTest.o" "../testing/src/cloneTest.c"
Finished building: ../testing/src/cloneTest.c
 
Building file: ../testing/src/containsAllTest.c
Invoking: GCC C Compiler
gcc -O0 -g3 -Wall -c -fmessage-length=0 -MMD -MP -MF"testing/src/containsAllTest.d" -MT"testing/src/containsAllTest.o" -o "testing/src/containsAllTest.o" "../testing/src/containsAllTest.c"
Finished building: ../testing/src/containsAllTest.c
 
Building file: ../testing/src/containsTest.c
Invoking: GCC C Compiler
gcc -O0 -g3 -Wall -c -fmessage-length=0 -MMD -MP -MF"testing/src/containsTest.d" -MT"testing/src/containsTest.o" -o "testing/src/containsTest.o" "../testing/src/containsTest.c"
Finished building: ../testing/src/containsTest.c
 
Building file: ../testing/src/deleteLinkedListTest.c
Invoking: GCC C Compiler
gcc -O0 -g3 -Wall -c -fmessage-length=0 -MMD -MP -MF"testing/src/deleteLinkedListTest.d" -MT"testing/src/deleteLinkedListTest.o" -o "testing/src/deleteLinkedListTest.o" "../testing/src/deleteLinkedListTest.c"
Finished building: ../testing/src/deleteLinkedListTest.c
 
Building file: ../testing/src/getNodeTest.c
Invoking: GCC C Compiler
gcc -O0 -g3 -Wall -c -fmessage-length=0 -MMD -MP -MF"testing/src/getNodeTest.d" -MT"testing/src/getNodeTest.o" -o "testing/src/getNodeTest.o" "../testing/src/getNodeTest.c"
Finished building: ../testing/src/getNodeTest.c
 
Building file: ../testing/src/getTest.c
Invoking: GCC C Compiler
gcc -O0 -g3 -Wall -c -fmessage-length=0 -MMD -MP -MF"testing/src/getTest.d" -MT"testing/src/getTest.o" -o "testing/src/getTest.o" "../testing/src/getTest.c"
Finished building: ../testing/src/getTest.c
 
Building file: ../testing/src/indexOfTest.c
Invoking: GCC C Compiler
gcc -O0 -g3 -Wall -c -fmessage-length=0 -MMD -MP -MF"testing/src/indexOfTest.d" -MT"testing/src/indexOfTest.o" -o "testing/src/indexOfTest.o" "../testing/src/indexOfTest.c"
Finished building: ../testing/src/indexOfTest.c
 
Building file: ../testing/src/isEmptyTest.c
Invoking: GCC C Compiler
gcc -O0 -g3 -Wall -c -fmessage-length=0 -MMD -MP -MF"testing/src/isEmptyTest.d" -MT"testing/src/isEmptyTest.o" -o "testing/src/isEmptyTest.o" "../testing/src/isEmptyTest.c"
Finished building: ../testing/src/isEmptyTest.c
 
Building file: ../testing/src/lenTest.c
Invoking: GCC C Compiler
gcc -O0 -g3 -Wall -c -fmessage-length=0 -MMD -MP -MF"testing/src/lenTest.d" -MT"testing/src/lenTest.o" -o "testing/src/lenTest.o" "../testing/src/lenTest.c"
Finished building: ../testing/src/lenTest.c
 
Building file: ../testing/src/newTest.c
Invoking: GCC C Compiler
gcc -O0 -g3 -Wall -c -fmessage-length=0 -MMD -MP -MF"testing/src/newTest.d" -MT"testing/src/newTest.o" -o "testing/src/newTest.o" "../testing/src/newTest.c"
Finished building: ../testing/src/newTest.c
 
Building file: ../testing/src/popTest.c
Invoking: GCC C Compiler
gcc -O0 -g3 -Wall -c -fmessage-length=0 -MMD -MP -MF"testing/src/popTest.d" -MT"testing/src/popTest.o" -o "testing/src/popTest.o" "../testing/src/popTest.c"
Finished building: ../testing/src/popTest.c
 
Building file: ../testing/src/pushTest.c
Invoking: GCC C Compiler
gcc -O0 -g3 -Wall -c -fmessage-length=0 -MMD -MP -MF"testing/src/pushTest.d" -MT"testing/src/pushTest.o" -o "testing/src/pushTest.o" "../testing/src/pushTest.c"
Finished building: ../testing/src/pushTest.c
 
Building file: ../testing/src/removeTest.c
Invoking: GCC C Compiler
gcc -O0 -g3 -Wall -c -fmessage-length=0 -MMD -MP -MF"testing/src/removeTest.d" -MT"testing/src/removeTest.o" -o "testing/src/removeTest.o" "../testing/src/removeTest.c"
Finished building: ../testing/src/removeTest.c
 
Building file: ../testing/src/setTest.c
Invoking: GCC C Compiler
gcc -O0 -g3 -Wall -c -fmessage-length=0 -MMD -MP -MF"testing/src/setTest.d" -MT"testing/src/setTest.o" -o "testing/src/setTest.o" "../testing/src/setTest.c"
Finished building: ../testing/src/setTest.c
 
Building file: ../testing/src/sortTest.c
Invoking: GCC C Compiler
gcc -O0 -g3 -Wall -c -fmessage-length=0 -MMD -MP -MF"testing/src/sortTest.d" -MT"testing/src/sortTest.o" -o "testing/src/sortTest.o" "../testing/src/sortTest.c"
Finished building: ../testing/src/sortTest.c
 
Building file: ../testing/src/subListTest.c
Invoking: GCC C Compiler
gcc -O0 -g3 -Wall -c -fmessage-length=0 -MMD -MP -MF"testing/src/subListTest.d" -MT"testing/src/subListTest.o" -o "testing/src/subListTest.o" "../testing/src/subListTest.c"
Finished building: ../testing/src/subListTest.c
 
Building file: ../src/LinkedList.c
Invoking: GCC C Compiler
gcc -O0 -g3 -Wall -c -fmessage-length=0 -MMD -MP -MF"src/LinkedList.d" -MT"src/LinkedList.o" -o "src/LinkedList.o" "../src/LinkedList.c"
Finished building: ../src/LinkedList.c
 
Building file: ../src/main.c
Invoking: GCC C Compiler
gcc -O0 -g3 -Wall -c -fmessage-length=0 -MMD -MP -MF"src/main.d" -MT"src/main.o" -o "src/main.o" "../src/main.c"
Finished building: ../src/main.c
 
Building target: linkedList
Invoking: GCC C Linker
gcc  -o "linkedList"  ./testing/src/Employee.o ./testing/src/addNodeTest.o ./testing/src/addTest.o ./testing/src/clearTest.o ./testing/src/cloneTest.o ./testing/src/containsAllTest.o ./testing/src/containsTest.o ./testing/src/deleteLinkedListTest.o ./testing/src/getNodeTest.o ./testing/src/getTest.o ./testing/src/indexOfTest.o ./testing/src/isEmptyTest.o ./testing/src/lenTest.o ./testing/src/main_test.o ./testing/src/newTest.o ./testing/src/popTest.o ./testing/src/pushTest.o ./testing/src/removeTest.o ./testing/src/setTest.o ./testing/src/sortTest.o ./testing/src/subListTest.o  ./testing/utest.o  ./src/LinkedList.o ./src/main.o   
Finished building target: linkedList
 
01:30:58 **** Incremental Build of configuration Debug for project linkedList ****
make all 
Building file: ../testing/src/Employee.c
Invoking: GCC C Compiler
gcc -O0 -g3 -Wall -c -fmessage-length=0 -MMD -MP -MF"testing/src/Employee.d" -MT"testing/src/Employee.d" -o "testing/src/Employee.o" "../testing/src/Employee.c"
Finished building: ../testing/src/Employee.c
 
Building file: ../testing/src/addNodeTest.c
Invoking: GCC C Compiler
gcc -O0 -g3 -Wall -c -fmessage-length=0 -MMD -MP -MF"testing/src/addNodeTest.d" -MT"testing/src/addNodeTest.d" -o "testing/src/addNodeTest.o" "../testing/src/addNodeTest.c"
Finished building: ../testing/src/addNodeTest.c
 
Building file: ../testing/src/addTest.c
Invoking: GCC C Compiler
gcc -O0 -g3 -Wall -c -fmessage-length=0 -MMD -MP -MF"testing/src/addTest.d" -MT"testing/src/addTest.d" -o "testing/src/addTest.o" "../testing/src/addTest.c"
Finished building: ../testing/src/addTest.c
 
Building file: ../testing/src/clearTest.c
Invoking: GCC C Compiler
gcc -O0 -g3 -Wall -c -fmessage-length=0 -MMD -MP -MF"testing/src/clearTest.d" -MT"testing/src/clearTest.d" -o "testing/src/clearTest.o" "../testing/src/clearTest.c"
Finished building: ../testing/src/clearTest.c
 
Building file: ../testing/src/cloneTest.c
Invoking: GCC C Compiler
gcc -O0 -g3 -Wall -c -fmessage-length=0 -MMD -MP -MF"testing/src/cloneTest.d" -MT"testing/src/cloneTest.d" -o "testing/src/cloneTest.o" "../testing/src/cloneTest.c"
Finished building: ../testing/src/cloneTest.c
 
Building file: ../testing/src/containsAllTest.c
Invoking: GCC C Compiler
gcc -O0 -g3 -Wall -c -fmessage-length=0 -MMD -MP -MF"testing/src/containsAllTest.d" -MT"testing/src/containsAllTest.d" -o "testing/src/containsAllTest.o" "../testing/src/containsAllTest.c"
Finished building: ../testing/src/containsAllTest.c
 
Building file: ../testing/src/containsTest.c
Invoking: GCC C Compiler
gcc -O0 -g3 -Wall -c -fmessage-length=0 -MMD -MP -MF"testing/src/containsTest.d" -MT"testing/src/containsTest.d" -o "testing/src/containsTest.o" "../testing/src/containsTest.c"
Finished building: ../testing/src/containsTest.c
 
Building file: ../testing/src/deleteLinkedListTest.c
Invoking: GCC C Compiler
gcc -O0 -g3 -Wall -c -fmessage-length=0 -MMD -MP -MF"testing/src/deleteLinkedListTest.d" -MT"testing/src/deleteLinkedListTest.d" -o "testing/src/deleteLinkedListTest.o" "../testing/src/deleteLinkedListTest.c"
Finished building: ../testing/src/deleteLinkedListTest.c
 
Building file: ../testing/src/getNodeTest.c
Invoking: GCC C Compiler
gcc -O0 -g3 -Wall -c -fmessage-length=0 -MMD -MP -MF"testing/src/getNodeTest.d" -MT"testing/src/getNodeTest.d" -o "testing/src/getNodeTest.o" "../testing/src/getNodeTest.c"
Finished building: ../testing/src/getNodeTest.c
 
Building file: ../testing/src/getTest.c
Invoking: GCC C Compiler
gcc -O0 -g3 -Wall -c -fmessage-length=0 -MMD -MP -MF"testing/src/getTest.d" -MT"testing/src/getTest.d" -o "testing/src/getTest.o" "../testing/src/getTest.c"
Finished building: ../testing/src/getTest.c
 
Building file: ../testing/src/indexOfTest.c
Invoking: GCC C Compiler
gcc -O0 -g3 -Wall -c -fmessage-length=0 -MMD -MP -MF"testing/src/indexOfTest.d" -MT"testing/src/indexOfTest.d" -o "testing/src/indexOfTest.o" "../testing/src/indexOfTest.c"
Finished building: ../testing/src/indexOfTest.c
 
Building file: ../testing/src/isEmptyTest.c
Invoking: GCC C Compiler
gcc -O0 -g3 -Wall -c -fmessage-length=0 -MMD -MP -MF"testing/src/isEmptyTest.d" -MT"testing/src/isEmptyTest.d" -o "testing/src/isEmptyTest.o" "../testing/src/isEmptyTest.c"
Finished building: ../testing/src/isEmptyTest.c
 
Building file: ../testing/src/lenTest.c
Invoking: GCC C Compiler
gcc -O0 -g3 -Wall -c -fmessage-length=0 -MMD -MP -MF"testing/src/lenTest.d" -MT"testing/src/lenTest.d" -o "testing/src/lenTest.o" "../testing/src/lenTest.c"
Finished building: ../testing/src/lenTest.c
 
Building file: ../testing/src/main_test.c
Invoking: GCC C Compiler
gcc -O0 -g3 -Wall -c -fmessage-length=0 -MMD -MP -MF"testing/src/main_test.d" -MT"testing/src/main_test.d" -o "testing/src/main_test.o" "../testing/src/main_test.c"
Finished building: ../testing/src/main_test.c
 
Building file: ../testing/src/newTest.c
Invoking: GCC C Compiler
gcc -O0 -g3 -Wall -c -fmessage-length=0 -MMD -MP -MF"testing/src/newTest.d" -MT"testing/src/newTest.d" -o "testing/src/newTest.o" "../testing/src/newTest.c"
Finished building: ../testing/src/newTest.c
 
Building file: ../testing/src/popTest.c
Invoking: GCC C Compiler
gcc -O0 -g3 -Wall -c -fmessage-length=0 -MMD -MP -MF"testing/src/popTest.d" -MT"testing/src/popTest.d" -o "testing/src/popTest.o" "../testing/src/popTest.c"
Finished building: ../testing/src/popTest.c
 
Building file: ../testing/src/pushTest.c
Invoking: GCC C Compiler
gcc -O0 -g3 -Wall -c -fmessage-length=0 -MMD -MP -MF"testing/src/pushTest.d" -MT"testing/src/pushTest.d" -o "testing/src/pushTest.o" "../testing/src/pushTest.c"
Finished building: ../testing/src/pushTest.c
 
Building file: ../testing/src/removeTest.c
Invoking: GCC C Compiler
gcc -O0 -g3 -Wall -c -fmessage-length=0 -MMD -MP -MF"testing/src/removeTest.d" -MT"testing/src/removeTest.d" -o "testing/src/removeTest.o" "../testing/src/removeTest.c"
Finished building: ../testing/src/removeTest.c
 
Building file: ../testing/src/setTest.c
Invoking: GCC C Compiler
gcc -O0 -g3 -Wall -c -fmessage-length=0 -MMD -MP -MF"testing/src/setTest.d" -MT"testing/src/setTest.d" -o "testing/src/setTest.o" "../testing/src/setTest.c"
Finished building: ../testing/src/setTest.c
 
Building file: ../testing/src/sortTest.c
Invoking: GCC C Compiler
gcc -O0 -g3 -Wall -c -fmessage-length=0 -MMD -MP -MF"testing/src/sortTest.d" -MT"testing/src/sortTest.d" -o "testing/src/sortTest.o" "../testing/src/sortTest.c"
Finished building: ../testing/src/sortTest.c
 
Building file: ../testing/src/subListTest.c
Invoking: GCC C Compiler
gcc -O0 -g3 -Wall -c -fmessage-length=0 -MMD -MP -MF"testing/src/subListTest.d" -MT"testing/src/subListTest.d" -o "testing/src/subListTest.o" "../testing/src/subListTest.c"
Finished building: ../testing/src/subListTest.c
 
Building file: ../testing/utest.c
Invoking: GCC C Compiler
gcc -O0 -g3 -Wall -c -fmessage-length=0 -MMD -MP -MF"testing/utest.d" -MT"testing/utest.d" -o "testing/utest.o" "../testing/utest.c"
../testing/utest.c: In function ‘utest_printStatistics’:
../testing/utest.c:56:9: warning: format not a string literal and no format arguments [-Wformat-security]
         printf(utest_printErrorBuffer);
         ^
../testing/utest.c:75:5: warning: format not a string literal and no format arguments [-Wformat-security]
     printf(utest_printErrorBuffer);
     ^
Finished building: ../testing/utest.c
 
Building file: ../src/LinkedList.c
Invoking: GCC C Compiler
gcc -O0 -g3 -Wall -c -fmessage-length=0 -MMD -MP -MF"src/LinkedList.d" -MT"src/LinkedList.d" -o "src/LinkedList.o" "../src/LinkedList.c"
../src/LinkedList.c: In function ‘ll_reduce’:
../src/LinkedList.c:616:3: warning: statement with no effect [-Wunused-value]
   for(i=this->size-1;i>=0;i)
   ^
Finished building: ../src/LinkedList.c
 
Building file: ../src/main.c
Invoking: GCC C Compiler
gcc -O0 -g3 -Wall -c -fmessage-length=0 -MMD -MP -MF"src/main.d" -MT"src/main.d" -o "src/main.o" "../src/main.c"
../src/main.c: In function ‘main’:
../src/main.c:75:2: warning: implicit declaration of function ‘ll_reduce’ [-Wimplicit-function-declaration]
  ll_reduce(list,ff);
  ^
../src/main.c:77:5: error: expected ‘;’ before ‘return’
     return 0;
     ^
../src/main.c:67:15: warning: unused variable ‘list2’ [-Wunused-variable]
  LinkedList * list2;
               ^
../src/main.c:78:1: warning: control reaches end of non-void function [-Wreturn-type]
 }
 ^
make: *** [src/main.o] Error 1
01:31:17 **** Incremental Build of configuration Debug for project linkedList ****
make all 
Building file: ../src/main.c
Invoking: GCC C Compiler
gcc -O0 -g3 -Wall -c -fmessage-length=0 -MMD -MP -MF"src/main.d" -MT"src/main.d" -o "src/main.o" "../src/main.c"
../src/main.c: In function ‘main’:
../src/main.c:75:2: warning: implicit declaration of function ‘ll_reduce’ [-Wimplicit-function-declaration]
  ll_reduce(list,ff);
  ^
../src/main.c:67:15: warning: unused variable ‘list2’ [-Wunused-variable]
  LinkedList * list2;
               ^
Finished building: ../src/main.c
 
Building target: linkedList
Invoking: GCC C Linker
gcc  -o "linkedList"  ./testing/src/Employee.o ./testing/src/addNodeTest.o ./testing/src/addTest.o ./testing/src/clearTest.o ./testing/src/cloneTest.o ./testing/src/containsAllTest.o ./testing/src/containsTest.o ./testing/src/deleteLinkedListTest.o ./testing/src/getNodeTest.o ./testing/src/getTest.o ./testing/src/indexOfTest.o ./testing/src/isEmptyTest.o ./testing/src/lenTest.o ./testing/src/main_test.o ./testing/src/newTest.o ./testing/src/popTest.o ./testing/src/pushTest.o ./testing/src/removeTest.o ./testing/src/setTest.o ./testing/src/sortTest.o ./testing/src/subListTest.o  ./testing/utest.o  ./src/LinkedList.o ./src/main.o   
Finished building target: linkedList
 
01:34:22 **** Incremental Build of configuration Debug for project linkedList ****
make all 
Building file: ../src/LinkedList.c
Invoking: GCC C Compiler
gcc -O0 -g3 -Wall -c -fmessage-length=0 -MMD -MP -MF"src/LinkedList.d" -MT"src/LinkedList.d" -o "src/LinkedList.o" "../src/LinkedList.c"
Finished building: ../src/LinkedList.c
 
Building target: linkedList
Invoking: GCC C Linker
gcc  -o "linkedList"  ./testing/src/Employee.o ./testing/src/addNodeTest.o ./testing/src/addTest.o ./testing/src/clearTest.o ./testing/src/cloneTest.o ./testing/src/containsAllTest.o ./testing/src/containsTest.o ./testing/src/deleteLinkedListTest.o ./testing/src/getNodeTest.o ./testing/src/getTest.o ./testing/src/indexOfTest.o ./testing/src/isEmptyTest.o ./testing/src/lenTest.o ./testing/src/main_test.o ./testing/src/newTest.o ./testing/src/popTest.o ./testing/src/pushTest.o ./testing/src/removeTest.o ./testing/src/setTest.o ./testing/src/sortTest.o ./testing/src/subListTest.o  ./testing/utest.o  ./src/LinkedList.o ./src/main.o   
Finished building target: linkedList
 
